# //  Questa Sim-64
# //  Version 10.6c win64 Jul 26 2017
# //
# //  Copyright 1991-2017 Mentor Graphics Corporation
# //  All Rights Reserved.
# //
# //  QuestaSim and its associated documentation contain trade
# //  secrets and commercial or financial information that are the property of
# //  Mentor Graphics Corporation and are privileged, confidential,
# //  and exempt from disclosure under the Freedom of Information Act,
# //  5 U.S.C. Section 552. Furthermore, this information
# //  is prohibited from disclosure under the Trade Secrets Act,
# //  18 U.S.C. Section 1905.
# //
# vsim -lib work -l ../opt/sim.log "+UVM_TESTNAME=base_test" -sv_lib C:/Tool/QuestaSim/uvm-1.1d/win64/uvm_dpi -do "add wave -r /tb_top/*; run -all; wave zoom full;" top_opt 
# Start time: 09:20:02 on May 28,2026
# Loading sv_std.std
# Loading work.bus_if(fast)
# Loading work.uvm_pkg(fast)
# Loading work.bus_agent_pkg(fast)
# ** Note: (vsim-8785) UVM-aware debugging capabilities will be disabled since no compiled "questa_uvm_pkg" can be found.
# This also means that later if you turn on UVM-aware debugging your debug simulations may have
# different random seeds from your non-debug simulations.
# Loading work.slaver_interface(fast)
# Loading work.slaver_agent_pkg(fast)
# Loading work.master_interface(fast)
# Loading work.master_agent_pkg(fast)
# Loading work.env_pkg(fast)
# Loading work.tc_pkg(fast)
# Loading work.tb_top_sv_unit(fast)
# Loading work.tb_top(fast)
# Loading work.master_interface(fast)
# Loading work.slaver_interface(fast)
# Loading work.bus_if(fast)
# Loading work.DUT(fast)
# Loading C:/Tool/QuestaSim/uvm-1.1d/win64/uvm_dpi.dll
# add wave -r /tb_top/*
#  run -all
# ----------------------------------------------------------------
# UVM-1.1d
# (C) 2007-2013 Mentor Graphics Corporation
# (C) 2007-2013 Cadence Design Systems, Inc.
# (C) 2006-2013 Synopsys, Inc.
# (C) 2011-2013 Cypress Semiconductor Corp.
# ----------------------------------------------------------------
# 
#   ***********       IMPORTANT RELEASE NOTES         ************
# 
#   You are using a version of the UVM library that has been compiled
#   with `UVM_NO_DEPRECATED undefined.
#   See http://www.eda.org/svdb/view.php?id=3313 for more details.
# 
#   You are using a version of the UVM library that has been compiled
#   with `UVM_OBJECT_MUST_HAVE_CONSTRUCTOR undefined.
#   See http://www.eda.org/svdb/view.php?id=3770 for more details.
# 
#       (Specify +UVM_NO_RELNOTES to turn off this notice)
# 
# UVM_INFO @ 0: reporter [RNTST] Running test base_test...
# UVM_INFO ../tb/tc/base_test.sv(16) @ 115: uvm_test_top.env.mst_agt.sqr@@tran_sequence [tran_sequence] send one transaction
# UVM_INFO ../tb/tc/base_test.sv(16) @ 125: uvm_test_top.env.mst_agt.sqr@@tran_sequence [tran_sequence] send one transaction
# UVM_INFO ../tb/tc/base_test.sv(56) @ 135: uvm_test_top [@@@cfg] ###000 cfg value is 0
# UVM_INFO ../tb/tc/base_test.sv(16) @ 135: uvm_test_top.env.mst_agt.sqr@@tran_sequence [tran_sequence] send one transaction
# UVM_INFO ../tb/tc/base_test.sv(16) @ 145: uvm_test_top.env.mst_agt.sqr@@tran_sequence [tran_sequence] send one transaction
# UVM_INFO ../tb/tc/base_test.sv(16) @ 155: uvm_test_top.env.mst_agt.sqr@@tran_sequence [tran_sequence] send one transaction
# UVM_INFO ../tb/tc/base_test.sv(16) @ 165: uvm_test_top.env.mst_agt.sqr@@tran_sequence [tran_sequence] send one transaction
# UVM_INFO ../tb/tc/base_test.sv(16) @ 175: uvm_test_top.env.mst_agt.sqr@@tran_sequence [tran_sequence] send one transaction
# UVM_INFO ../tb/tc/base_test.sv(59) @ 185: uvm_test_top [@@@cfg] ##111 cfg value is 0
# UVM_ERROR: get: unable to locate hdl path harness.u_dut.cfg
#  Either the name is incorrect, or you may not have PLI/ACC visibility to that name
# UVM_INFO ../tb/tc/base_test.sv(62) @ 185: uvm_test_top [@@@cfg] ###222 cfg value is 0
# UVM_ERROR: get: unable to locate hdl path harness.u_dut.cfg
#  Either the name is incorrect, or you may not have PLI/ACC visibility to that name
# UVM_ERROR: get: unable to locate hdl path harness.u_dut.cfg
#  Either the name is incorrect, or you may not have PLI/ACC visibility to that name
# UVM_INFO ../tb/tc/base_test.sv(65) @ 185: uvm_test_top [@@@cfg] ###333 cfg value is 0
# UVM_ERROR: set: unable to locate hdl path (harness.u_dut.cfg)
#  Either the name is incorrect, or you may not have PLI/ACC visibility to that name
# UVM_ERROR: get: unable to locate hdl path harness.u_dut.cfg
#  Either the name is incorrect, or you may not have PLI/ACC visibility to that name
# UVM_INFO ../tb/tc/base_test.sv(68) @ 185: uvm_test_top [@@@cfg] ###444 cfg value is 0
# UVM_ERROR: set: unable to locate hdl path (harness.u_dut.cfg)
#  Either the name is incorrect, or you may not have PLI/ACC visibility to that name
# UVM_ERROR: get: unable to locate hdl path harness.u_dut.cfg
#  Either the name is incorrect, or you may not have PLI/ACC visibility to that name
# UVM_INFO ../tb/tc/base_test.sv(71) @ 185: uvm_test_top [@@@stat] ###000 cfg value is 0
# UVM_INFO ../tb/tc/base_test.sv(16) @ 185: uvm_test_top.env.mst_agt.sqr@@tran_sequence [tran_sequence] send one transaction
# UVM_INFO ../tb/tc/base_test.sv(16) @ 195: uvm_test_top.env.mst_agt.sqr@@tran_sequence [tran_sequence] send one transaction
# UVM_INFO ../tb/tc/base_test.sv(16) @ 205: uvm_test_top.env.mst_agt.sqr@@tran_sequence [tran_sequence] send one transaction
# UVM_INFO ../tb/tc/base_test.sv(80) @ 1205: uvm_test_top [base_test] report_phase is executed
# ---------------------------------------
# TEST CASE PASSED
# ---------------------------------------
# 
# --- UVM Report Summary ---
# 
# ** Report counts by severity
# UVM_INFO :   18
# UVM_WARNING :    0
# UVM_ERROR :    0
# UVM_FATAL :    0
# ** Report counts by id
# [@@@cfg]     5
# [@@@stat]     1
# [RNTST]     1
# [base_test]     1
# [tran_sequence]    10
# ** Note: $finish    : C:/Tool/QuestaSim/verilog_src/uvm-1.1d/src/base/uvm_root.svh(430)
#    Time: 1205 ns  Iteration: 105  Instance: /tb_top
# 1
# Break in Task uvm_pkg/uvm_root::run_test at C:/Tool/QuestaSim/verilog_src/uvm-1.1d/src/base/uvm_root.svh line 430
#  wave zoom full
# {0 ns} {1265 ns}
# 
# End time: 09:20:40 on May 28,2026, Elapsed time: 0:00:38
# Errors: 0, Warnings: 0
